生成启动时间为 2016/1/12 20:10:27。
     1>项目“F:\qt\ModelKit-study\src\ModelKit.vcxproj”在节点 2 上(Build 个目标)。
     1>ClCompile:
         C:\Program Files (x86)\Microsoft Visual Studio 12.0\VC\bin\CL.exe /c /I. /I..\include /I..\3rdparty /ID:\qt\qt5.5.0\5.5\msvc2013\include /ID:\qt\qt5.5.0\5.5\msvc2013\include\QtWidgets /ID:\qt\qt5.5.0\5.5\msvc2013\include\QtGui /ID:\qt\qt5.5.0\5.5\msvc2013\include\QtANGLE /ID:\qt\qt5.5.0\5.5\msvc2013\include\QtCore /Idebug /I"D:\qt\qt5.5.0\5.5\msvc2013\mkspecs\win32-msvc2013" /Zi /nologo /W3 /WX- /Od /Oy- /D _WINDOWS /D UNICODE /D WIN32 /D QT_WIDGETS_LIB /D QT_GUI_LIB /D QT_CORE_LIB /Gm- /EHsc /MDd /GS /fp:precise /Zc:wchar_t /Zc:forScope /GR /Fo"Win32\Debug\\" /Fd"Win32\Debug\vc120.pdb" /Gd /TP /analyze- /errorReport:prompt -w34100 -w34189 -w44996 ..\3rdparty\xd\generate_line.cpp layer.cpp slcmodel.cpp
         generate_line.cpp
     1>f:\qt\modelkit-study\3rdparty\xd\generate_line.h(16): warning C4305: “初始化”: 从“double”到“const float”截断
     1>..\3rdparty\xd\generate_line.cpp(51): warning C4244: “参数”: 从“double”转换到“float”，可能丢失数据
     1>..\3rdparty\xd\generate_line.cpp(69): warning C4244: “参数”: 从“double”转换到“ClipperLib::cInt”，可能丢失数据
     1>..\3rdparty\xd\generate_line.cpp(121): warning C4018: “<”: 有符号/无符号不匹配
     1>..\3rdparty\xd\generate_line.cpp(297): warning C4018: “<”: 有符号/无符号不匹配
     1>..\3rdparty\xd\generate_line.cpp(360): warning C4244: “参数”: 从“float”转换到“ClipperLib::cInt”，可能丢失数据
     1>..\3rdparty\xd\generate_line.cpp(376): warning C4244: “参数”: 从“double”转换到“float”，可能丢失数据
     1>..\3rdparty\xd\generate_line.cpp(378): warning C4244: “参数”: 从“double”转换到“float”，可能丢失数据
     1>..\3rdparty\xd\generate_line.cpp(496): warning C4189: “beforebP”: 局部变量已初始化但不引用
     1>..\3rdparty\xd\generate_line.cpp(723): warning C4244: “参数”: 从“float”转换到“ClipperLib::cInt”，可能丢失数据
     1>..\3rdparty\xd\generate_line.cpp(739): warning C4244: “参数”: 从“double”转换到“float”，可能丢失数据
     1>..\3rdparty\xd\generate_line.cpp(741): warning C4244: “参数”: 从“double”转换到“float”，可能丢失数据
     1>..\3rdparty\xd\generate_line.cpp(843): warning C4189: “beforebP”: 局部变量已初始化但不引用
     1>..\3rdparty\xd\generate_line.cpp(1077): warning C4244: “参数”: 从“float”转换到“ClipperLib::cInt”，可能丢失数据
     1>..\3rdparty\xd\generate_line.cpp(1093): warning C4244: “参数”: 从“double”转换到“float”，可能丢失数据
     1>..\3rdparty\xd\generate_line.cpp(1095): warning C4244: “参数”: 从“double”转换到“float”，可能丢失数据
     1>..\3rdparty\xd\generate_line.cpp(1393): warning C4018: “<”: 有符号/无符号不匹配
     1>..\3rdparty\xd\generate_line.cpp(1213): warning C4189: “beforebP”: 局部变量已初始化但不引用
     1>..\3rdparty\xd\generate_line.cpp(1296): warning C4189: “bijiaoY1”: 局部变量已初始化但不引用
     1>..\3rdparty\xd\generate_line.cpp(1308): warning C4189: “bijiaoY2”: 局部变量已初始化但不引用
     1>..\3rdparty\xd\generate_line.cpp(1333): warning C4189: “vectorX”: 局部变量已初始化但不引用
     1>..\3rdparty\xd\generate_line.cpp(1332): warning C4189: “vectorY”: 局部变量已初始化但不引用
     1>..\3rdparty\xd\generate_line.cpp(1344): warning C4189: “vectorX”: 局部变量已初始化但不引用
     1>..\3rdparty\xd\generate_line.cpp(1343): warning C4189: “vectorY”: 局部变量已初始化但不引用
     1>..\3rdparty\xd\generate_line.cpp(1451): warning C4244: “参数”: 从“float”转换到“ClipperLib::cInt”，可能丢失数据
     1>..\3rdparty\xd\generate_line.cpp(1467): warning C4244: “参数”: 从“double”转换到“float”，可能丢失数据
     1>..\3rdparty\xd\generate_line.cpp(1469): warning C4244: “参数”: 从“double”转换到“float”，可能丢失数据
     1>..\3rdparty\xd\generate_line.cpp(1767): warning C4018: “<”: 有符号/无符号不匹配
     1>..\3rdparty\xd\generate_line.cpp(1587): warning C4189: “beforebP”: 局部变量已初始化但不引用
     1>..\3rdparty\xd\generate_line.cpp(1832): warning C4244: “参数”: 从“float”转换到“ClipperLib::cInt”，可能丢失数据
     1>..\3rdparty\xd\generate_line.cpp(1848): warning C4244: “参数”: 从“double”转换到“float”，可能丢失数据
     1>..\3rdparty\xd\generate_line.cpp(1850): warning C4244: “参数”: 从“double”转换到“float”，可能丢失数据
     1>..\3rdparty\xd\generate_line.cpp(1952): warning C4189: “beforebP”: 局部变量已初始化但不引用
     1>..\3rdparty\xd\generate_line.cpp(2082): warning C4244: “参数”: 从“float”转换到“ClipperLib::cInt”，可能丢失数据
     1>..\3rdparty\xd\generate_line.cpp(2098): warning C4244: “参数”: 从“double”转换到“float”，可能丢失数据
     1>..\3rdparty\xd\generate_line.cpp(2100): warning C4244: “参数”: 从“double”转换到“float”，可能丢失数据
     1>..\3rdparty\xd\generate_line.cpp(2229): warning C4189: “beforebP”: 局部变量已初始化但不引用
     1>..\3rdparty\xd\generate_line.cpp(2517): warning C4244: “=”: 从“int”转换到“float”，可能丢失数据
     1>..\3rdparty\xd\generate_line.cpp(2616): warning C4244: “参数”: 从“float”转换到“unsigned int”，可能丢失数据
     1>..\3rdparty\xd\generate_line.cpp(2626): warning C4244: “初始化”: 从“float”转换到“int”，可能丢失数据
     1>..\3rdparty\xd\generate_line.cpp(2511): warning C4189: “MinY”: 局部变量已初始化但不引用
     1>..\3rdparty\xd\generate_line.cpp(2510): warning C4189: “MaxY”: 局部变量已初始化但不引用
     1>..\3rdparty\xd\generate_line.cpp(2527): warning C4189: “beforebP”: 局部变量已初始化但不引用
     1>..\3rdparty\xd\generate_line.cpp(2648): warning C4244: “参数”: 从“float”转换到“ClipperLib::cInt”，可能丢失数据
     1>..\3rdparty\xd\generate_line.cpp(2665): warning C4244: “参数”: 从“double”转换到“float”，可能丢失数据
     1>..\3rdparty\xd\generate_line.cpp(2668): warning C4244: “参数”: 从“double”转换到“float”，可能丢失数据
     1>..\3rdparty\xd\generate_line.cpp(2701): warning C4244: “参数”: 从“double”转换到“float”，可能丢失数据
     1>..\3rdparty\xd\generate_line.cpp(2710): warning C4244: “参数”: 从“double”转换到“float”，可能丢失数据
     1>..\3rdparty\xd\generate_line.cpp(2734): warning C4244: “参数”: 从“float”转换到“ClipperLib::cInt”，可能丢失数据
     1>..\3rdparty\xd\generate_line.cpp(2743): warning C4244: “参数”: 从“float”转换到“ClipperLib::cInt”，可能丢失数据
     1>..\3rdparty\xd\generate_line.cpp(2759): warning C4258: “i”: 忽略 For 循环中的定义；使用封闭范围中的定义
                 ..\3rdparty\xd\generate_line.cpp(2753) : 忽略“i”的定义
                 ..\3rdparty\xd\generate_line.cpp(2725) : 使用“i”的定义
     1>..\3rdparty\xd\generate_line.cpp(2795): warning C4244: “参数”: 从“float”转换到“ClipperLib::cInt”，可能丢失数据
     1>..\3rdparty\xd\generate_line.cpp(2877): warning C4244: “参数”: 从“double”转换到“float”，可能丢失数据
     1>..\3rdparty\xd\generate_line.cpp(2879): warning C4244: “参数”: 从“double”转换到“float”，可能丢失数据
     1>..\3rdparty\xd\generate_line.cpp(2946): warning C4244: “参数”: 从“float”转换到“ClipperLib::cInt”，可能丢失数据
     1>..\3rdparty\xd\generate_line.cpp(3014): warning C4244: “参数”: 从“double”转换到“float”，可能丢失数据
     1>..\3rdparty\xd\generate_line.cpp(3016): warning C4244: “参数”: 从“double”转换到“float”，可能丢失数据
     1>..\3rdparty\xd\generate_line.cpp(3028): warning C4244: “参数”: 从“double”转换到“float”，可能丢失数据
     1>..\3rdparty\xd\generate_line.cpp(3030): warning C4244: “参数”: 从“double”转换到“float”，可能丢失数据
     1>..\3rdparty\xd\generate_line.cpp(3065): warning C4244: “参数”: 从“float”转换到“ClipperLib::cInt”，可能丢失数据
     1>..\3rdparty\xd\generate_line.cpp(3081): warning C4244: “参数”: 从“double”转换到“float”，可能丢失数据
     1>..\3rdparty\xd\generate_line.cpp(3083): warning C4244: “参数”: 从“double”转换到“float”，可能丢失数据
     1>..\3rdparty\xd\generate_line.cpp(3100): warning C4244: “参数”: 从“float”转换到“ClipperLib::cInt”，可能丢失数据
     1>..\3rdparty\xd\generate_line.cpp(3124): warning C4244: “+=”: 从“float”转换到“ClipperLib::cInt”，可能丢失数据
     1>..\3rdparty\xd\generate_line.cpp(3126): warning C4244: “-=”: 从“float”转换到“ClipperLib::cInt”，可能丢失数据
     1>..\3rdparty\xd\generate_line.cpp(3128): warning C4244: “-=”: 从“float”转换到“ClipperLib::cInt”，可能丢失数据
     1>..\3rdparty\xd\generate_line.cpp(3130): warning C4244: “+=”: 从“float”转换到“ClipperLib::cInt”，可能丢失数据
     1>..\3rdparty\xd\generate_line.cpp(3143): warning C4244: “参数”: 从“double”转换到“float”，可能丢失数据
     1>..\3rdparty\xd\generate_line.cpp(3145): warning C4244: “参数”: 从“double”转换到“float”，可能丢失数据
     1>..\3rdparty\xd\generate_line.cpp(3174): warning C4244: “参数”: 从“float”转换到“ClipperLib::cInt”，可能丢失数据
     1>..\3rdparty\xd\generate_line.cpp(3190): warning C4244: “参数”: 从“double”转换到“float”，可能丢失数据
     1>..\3rdparty\xd\generate_line.cpp(3192): warning C4244: “参数”: 从“double”转换到“float”，可能丢失数据
     1>..\3rdparty\xd\generate_line.cpp(3209): warning C4244: “参数”: 从“float”转换到“ClipperLib::cInt”，可能丢失数据
     1>..\3rdparty\xd\generate_line.cpp(3223): warning C4244: “初始化”: 从“ClipperLib::cInt”转换到“int”，可能丢失数据
     1>..\3rdparty\xd\generate_line.cpp(3224): warning C4244: “初始化”: 从“ClipperLib::cInt”转换到“int”，可能丢失数据
     1>..\3rdparty\xd\generate_line.cpp(3247): warning C4244: “+=”: 从“float”转换到“ClipperLib::cInt”，可能丢失数据
     1>..\3rdparty\xd\generate_line.cpp(3249): warning C4244: “-=”: 从“float”转换到“ClipperLib::cInt”，可能丢失数据
     1>..\3rdparty\xd\generate_line.cpp(3251): warning C4244: “-=”: 从“float”转换到“ClipperLib::cInt”，可能丢失数据
     1>..\3rdparty\xd\generate_line.cpp(3255): warning C4244: “+=”: 从“float”转换到“ClipperLib::cInt”，可能丢失数据
     1>..\3rdparty\xd\generate_line.cpp(3270): warning C4244: “参数”: 从“double”转换到“float”，可能丢失数据
     1>..\3rdparty\xd\generate_line.cpp(3272): warning C4244: “参数”: 从“double”转换到“float”，可能丢失数据
     1>..\3rdparty\xd\generate_line.cpp(3302): warning C4244: “参数”: 从“float”转换到“ClipperLib::cInt”，可能丢失数据
     1>..\3rdparty\xd\generate_line.cpp(3318): warning C4244: “参数”: 从“double”转换到“float”，可能丢失数据
     1>..\3rdparty\xd\generate_line.cpp(3320): warning C4244: “参数”: 从“double”转换到“float”，可能丢失数据
         layer.cpp
     1>f:\qt\modelkit-study\src\../3rdparty/xd/generate_line.h(16): warning C4305: “初始化”: 从“double”到“const float”截断
         slcmodel.cpp
     1>F:\qt\ModelKit-study\3rdparty\xd/generate_line.h(16): warning C4305: “初始化”: 从“double”到“const float”截断
         正在生成代码...
       Lib:
         C:\Program Files (x86)\Microsoft Visual Studio 12.0\VC\bin\Lib.exe /OUT:"..\bin\\ModelKit.lib" /NOLOGO Win32\Debug\boundary.obj
         Win32\Debug\clipper.obj
         Win32\Debug\generate_line.obj
         Win32\Debug\infill.obj
         Win32\Debug\layer.obj
         Win32\Debug\point.obj
         Win32\Debug\polygon.obj
         Win32\Debug\slcmodel.obj
         ModelKit.vcxproj -> F:\qt\ModelKit-study\src\..\bin\ModelKit.lib
     1>已完成生成项目“F:\qt\ModelKit-study\src\ModelKit.vcxproj”(Build 个目标)的操作。

生成成功。

已用时间 00:00:07.85
